<?xml version="1.0" encoding="UTF-8"?>
<testsuite xmlns:xsi="http://www.w3.org/2001/XMLSchema-instance" xsi:noNamespaceSchemaLocation="https://maven.apache.org/surefire/maven-surefire-plugin/xsd/surefire-test-report.xsd" name="com.plus.bysj.account.AccountApplicationTests" time="42.543" tests="6" errors="0" skipped="0" failures="0">
  <properties>
[...]
</properties>
  <testcase name="aesTest" classname="com.plus.bysj.account.AccountApplicationTests" time="1.599"/>
  <testcase name="contextLoads" classname="com.plus.bysj.account.AccountApplicationTests" time="4.787"/>
  <testcase name="beanTest" classname="com.plus.bysj.account.AccountApplicationTests" time="0.027"/>
  <testcase name="AntPathMatcherUtilsTest" classname="com.plus.bysj.account.AccountApplicationTests" time="0.025"/>
  <testcase name="redisTest" classname="com.plus.bysj.account.AccountApplicationTests" time="2.524"/>
  <testcase name="cronTest" classname="com.plus.bysj.account.AccountApplicationTests" time="0.035"/>
</testsuite>